<?xml version="1.0" encoding="UTF-8"?>
<testng-results skipped="0" failed="0" ignored="0" total="1" passed="1">
  <reporter-output>
  </reporter-output>
  <suite name="Default suite" duration-ms="24218" started-at="2022-10-19T16:53:06 IST" finished-at="2022-10-19T16:53:30 IST">
    <groups>
    </groups>
    <test name="Default test" duration-ms="24218" started-at="2022-10-19T16:53:06 IST" finished-at="2022-10-19T16:53:30 IST">
      <class name="Tests.Demo">
        <test-method status="PASS" signature="dashboardPage()[pri:0, instance:Tests.Demo@4f063c0a]" name="dashboardPage" is-config="true" duration-ms="21032" started-at="2022-10-19T16:53:06 IST" finished-at="2022-10-19T16:53:27 IST">
          <reporter-output>
          </reporter-output>
        </test-method> <!-- dashboardPage -->
        <test-method status="PASS" signature="demo()[pri:0, instance:Tests.Demo@4f063c0a]" name="demo" duration-ms="3139" started-at="2022-10-19T16:53:27 IST" finished-at="2022-10-19T16:53:30 IST">
          <reporter-output>
          </reporter-output>
        </test-method> <!-- demo -->
      </class> <!-- Tests.Demo -->
    </test> <!-- Default test -->
  </suite> <!-- Default suite -->
</testng-results>
